<?xml version="1.0" encoding="UTF-8"?>
<coverage generated="1661100879900" clover="3.2.0">
  <project timestamp="1661100879900" name="All files">
    <metrics statements="10" coveredstatements="10" conditionals="9" coveredconditionals="2" methods="1" coveredmethods="1" elements="20" coveredelements="13" complexity="0" loc="10" ncloc="10" packages="1" files="1" classes="1"/>
    <file name="+page.svelte" path="C:\code\test\my-app\src\routes\todos\+page.svelte">
      <metrics statements="10" coveredstatements="10" conditionals="9" coveredconditionals="2" methods="1" coveredmethods="1"/>
      <line num="4" count="3" type="stmt"/>
      <line num="5" count="3" type="cond" truecount="1" falsecount="0"/>
      <line num="8" count="3" type="stmt"/>
      <line num="9" count="7" type="cond" truecount="0" falsecount="2"/>
      <line num="10" count="2" type="cond" truecount="0" falsecount="2"/>
      <line num="11" count="2" type="stmt"/>
      <line num="12" count="2" type="cond" truecount="0" falsecount="3"/>
      <line num="16" count="2" type="cond" truecount="1" falsecount="0"/>
      <line num="17" count="1" type="stmt"/>
      <line num="19" count="1" type="stmt"/>
    </file>
  </project>
</coverage>
